

Version:	3.9
CmdLine:	C:\Users\aloisio.gajesus\IdeaProjects\aih\out\artifacts\AIH_jar\AIH.exe --l4j-debug
WOW64:		yes
Working dir:	C:\Users\aloisio.gajesus\IdeaProjects\aih\out\artifacts\AIH_jar\.
Bundled JRE:	java-rutine
Check launcher:	C:\Users\aloisio.gajesus\IdeaProjects\aih\out\artifacts\AIH_jar\java-rutine\bin\javaw.exe (not found)
Error msg:	This application was configured to use a bundled Java Runtime Environment but the runtime is missing or corrupted.


Version:	3.9
CmdLine:	C:\Users\aloisio.gajesus\IdeaProjects\aih\out\artifacts\AIH_jar\AIH.exe --l4j-debug
WOW64:		yes
Working dir:	C:\Users\aloisio.gajesus\IdeaProjects\aih\out\artifacts\AIH_jar\.
Bundled JRE:	java-runtime
Check launcher:	C:\Users\aloisio.gajesus\IdeaProjects\aih\out\artifacts\AIH_jar\java-runtime\bin\javaw.exe (not found)
Error msg:	This application was configured to use a bundled Java Runtime Environment but the runtime is missing or corrupted.


Version:	3.9
CmdLine:	C:\Users\aloisio.gajesus\IdeaProjects\aih\out\artifacts\AIH_jar\AIH.exe --l4j-debug
WOW64:		yes
Working dir:	C:\Users\aloisio.gajesus\IdeaProjects\aih\out\artifacts\AIH_jar\.
Bundled JRE:	java-runtime
Check launcher:	C:\Users\aloisio.gajesus\IdeaProjects\aih\out\artifacts\AIH_jar\java-runtime\bin\javaw.exe (not found)
Error msg:	This application was configured to use a bundled Java Runtime Environment but the runtime is missing or corrupted.


Version:	3.9
CmdLine:	C:\Users\aloisio.gajesus\IdeaProjects\aih\out\artifacts\AIH_jar\AIH.exe --l4j-debug
WOW64:		yes
Working dir:	C:\Users\aloisio.gajesus\IdeaProjects\aih\out\artifacts\AIH_jar\.
Bundled JRE:	java-runtime
Check launcher:	C:\Users\aloisio.gajesus\IdeaProjects\aih\out\artifacts\AIH_jar\java-runtime\bin\javaw.exe (not found)
64-bit search:	SOFTWARE\JavaSoft\Java Development Kit...
64-bit search:	SOFTWARE\IBM\Java Development Kit...
Error msg:	This application requires a Java Runtime Environment 1.8.0_401 (64-bit)
Open URL:	http://java.com/download


Version:	3.9
CmdLine:	C:\Users\aloisio.gajesus\IdeaProjects\aih\out\artifacts\AIH_jar\AIH.exe --l4j-debug
WOW64:		yes
Working dir:	C:\Users\aloisio.gajesus\IdeaProjects\aih\out\artifacts\AIH_jar\.
Bundled JRE:	java-runtime
Check launcher:	C:\Users\aloisio.gajesus\IdeaProjects\aih\out\artifacts\AIH_jar\java-runtime\bin\javaw.exe (not found)
Error msg:	This application was configured to use a bundled Java Runtime Environment but the runtime is missing or corrupted.


Version:	3.9
CmdLine:	C:\Users\aloisio.gajesus\IdeaProjects\aih\out\artifacts\AIH_jar\AIH.exe --l4j-debug
WOW64:		yes
Working dir:	C:\Users\aloisio.gajesus\IdeaProjects\aih\out\artifacts\AIH_jar\.
Bundled JRE:	java-runtime
Check launcher:	C:\Users\aloisio.gajesus\IdeaProjects\aih\out\artifacts\AIH_jar\java-runtime\bin\javaw.exe (not found)
Error msg:	This application was configured to use a bundled Java Runtime Environment but the runtime is missing or corrupted.


Version:	3.9
CmdLine:	C:\Users\aloisio.gajesus\IdeaProjects\aih\out\artifacts\AIH_jar\AIH.exe --l4j-debug
WOW64:		yes
Working dir:	C:\Users\aloisio.gajesus\IdeaProjects\aih\out\artifacts\AIH_jar\.
Bundled JRE:	java-runtime
Check launcher:	C:\Users\aloisio.gajesus\IdeaProjects\aih\out\artifacts\AIH_jar\java-runtime\bin\javaw.exe (not found)
64-bit search:	SOFTWARE\JavaSoft\Java Development Kit...
64-bit search:	SOFTWARE\IBM\Java Development Kit...
Error msg:	This application requires a Java Runtime Environment 1.8.0_411 (64-bit)
Open URL:	http://java.com/download


Version:	3.9
CmdLine:	C:\Users\aloisio.gajesus\IdeaProjects\aih\out\artifacts\AIH_jar\AIH.exe --l4j-debug
WOW64:		yes
Working dir:	C:\Users\aloisio.gajesus\IdeaProjects\aih\out\artifacts\AIH_jar\.
Bundled JRE:	java-runtime
Check launcher:	C:\Users\aloisio.gajesus\IdeaProjects\aih\out\artifacts\AIH_jar\java-runtime\bin\javaw.exe (not found)
64-bit search:	SOFTWARE\JavaSoft\Java Development Kit...
64-bit search:	SOFTWARE\JavaSoft\Java Runtime Environment...
Check:		SOFTWARE\JavaSoft\Java Runtime Environment\1.8
Ignore:		1.8
Check:		SOFTWARE\JavaSoft\Java Runtime Environment\1.8.0_411
Check launcher:	C:\Program Files\Java\jre-1.8\bin\javaw.exe (OK)
Match:		1.8.0_411
Runtime used:	1.8.0_411 (64-bit)
Launcher:	C:\Program Files\Java\jre-1.8\bin\javaw.exe
Launcher args:	-jar "C:\Users\aloisio.gajesus\IdeaProjects\aih\out\artifacts\AIH_jar\AIH.exe"
Args length:	78/32768 chars
Exit code:	0


Version:	3.9
CmdLine:	C:\Users\aloisio.gajesus\IdeaProjects\aih\out\artifacts\AIH_jar\AIH.exe --l4j-debug
WOW64:		yes
Working dir:	C:\Users\aloisio.gajesus\IdeaProjects\aih\out\artifacts\AIH_jar\.
Bundled JRE:	java-runtime
Check launcher:	C:\Users\aloisio.gajesus\IdeaProjects\aih\out\artifacts\AIH_jar\java-runtime\bin\javaw.exe (not found)
64-bit search:	SOFTWARE\JavaSoft\Java Development Kit...
64-bit search:	SOFTWARE\JavaSoft\Java Runtime Environment...
Check:		SOFTWARE\JavaSoft\Java Runtime Environment\1.8
Ignore:		1.8
Check:		SOFTWARE\JavaSoft\Java Runtime Environment\1.8.0_411
Check launcher:	C:\Program Files\Java\jre-1.8\bin\javaw.exe (OK)
Match:		1.8.0_411
Runtime used:	1.8.0_411 (64-bit)
Launcher:	C:\Program Files\Java\jre-1.8\bin\javaw.exe
Launcher args:	-jar "C:\Users\aloisio.gajesus\IdeaProjects\aih\out\artifacts\AIH_jar\AIH.exe"
Args length:	78/32768 chars
Exit code:	0


Version:	3.9
CmdLine:	C:\Users\aloisio.gajesus\IdeaProjects\aih\out\artifacts\AIH_jar\AIH.exe --l4j-debug
WOW64:		yes
Working dir:	C:\Users\aloisio.gajesus\IdeaProjects\aih\out\artifacts\AIH_jar\.
Bundled JRE:	java-runtime
Check launcher:	C:\Users\aloisio.gajesus\IdeaProjects\aih\out\artifacts\AIH_jar\java-runtime\bin\javaw.exe (not found)
64-bit search:	SOFTWARE\JavaSoft\Java Development Kit...
32-bit search:	SOFTWARE\JavaSoft\Java Development Kit...
64-bit search:	SOFTWARE\JavaSoft\Java Runtime Environment...
Check:		SOFTWARE\JavaSoft\Java Runtime Environment\1.8
Ignore:		1.8
Check:		SOFTWARE\JavaSoft\Java Runtime Environment\1.8.0_411
Check launcher:	C:\Program Files\Java\jre-1.8\bin\javaw.exe (OK)
Match:		1.8.0_411
Runtime used:	1.8.0_411 (64-bit)
Launcher:	C:\Program Files\Java\jre-1.8\bin\javaw.exe
Launcher args:	-jar "C:\Users\aloisio.gajesus\IdeaProjects\aih\out\artifacts\AIH_jar\AIH.exe"
Args length:	78/32768 chars
Exit code:	0


Version:	3.9
CmdLine:	C:\Users\aloisio.gajesus\IdeaProjects\aih\out\artifacts\AIH_jar\AIH.exe --l4j-debug
WOW64:		yes
Working dir:	C:\Users\aloisio.gajesus\IdeaProjects\aih\out\artifacts\AIH_jar\.
Bundled JRE:	java-runtime
Check launcher:	C:\Users\aloisio.gajesus\IdeaProjects\aih\out\artifacts\AIH_jar\java-runtime\bin\javaw.exe (not found)
64-bit search:	SOFTWARE\JavaSoft\Java Runtime Environment...
Check:		SOFTWARE\JavaSoft\Java Runtime Environment\1.8
Ignore:		1.8
Check:		SOFTWARE\JavaSoft\Java Runtime Environment\1.8.0_411
Check launcher:	C:\Program Files\Java\jre-1.8\bin\javaw.exe (OK)
Match:		1.8.0_411
64-bit search:	SOFTWARE\JavaSoft\Java Development Kit...
Runtime used:	1.8.0_411 (64-bit)
Launcher:	C:\Program Files\Java\jre-1.8\bin\javaw.exe
Launcher args:	-jar "C:\Users\aloisio.gajesus\IdeaProjects\aih\out\artifacts\AIH_jar\AIH.exe"
Args length:	78/32768 chars
Exit code:	0


Version:	3.9
CmdLine:	C:\Users\aloisio.gajesus\IdeaProjects\aih\out\artifacts\AIH_jar\AIH.exe --l4j-debug
WOW64:		yes
Working dir:	C:\Users\aloisio.gajesus\IdeaProjects\aih\out\artifacts\AIH_jar\.
Bundled JRE:	java-runtime
Check launcher:	C:\Users\aloisio.gajesus\IdeaProjects\aih\out\artifacts\AIH_jar\java-runtime\bin\javaw.exe (not found)
64-bit search:	SOFTWARE\JavaSoft\Java Runtime Environment...
Check:		SOFTWARE\JavaSoft\Java Runtime Environment\1.8
Ignore:		1.8
Check:		SOFTWARE\JavaSoft\Java Runtime Environment\1.8.0_411
Check launcher:	C:\Program Files\Java\jre-1.8\bin\javaw.exe (OK)
Match:		1.8.0_411
64-bit search:	SOFTWARE\JavaSoft\Java Development Kit...
Runtime used:	1.8.0_411 (64-bit)
Launcher:	C:\Program Files\Java\jre-1.8\bin\javaw.exe
Launcher args:	-jar "C:\Users\aloisio.gajesus\IdeaProjects\aih\out\artifacts\AIH_jar\AIH.exe"
Args length:	78/32768 chars
Exit code:	0


Version:	3.9
CmdLine:	C:\Users\aloisio.gajesus\IdeaProjects\aih\out\artifacts\AIH_jar\AIH.exe --l4j-debug
WOW64:		yes
Working dir:	C:\Users\aloisio.gajesus\IdeaProjects\aih\out\artifacts\AIH_jar\.
Bundled JRE:	java-runtime
Check launcher:	C:\Users\aloisio.gajesus\IdeaProjects\aih\out\artifacts\AIH_jar\java-runtime\bin\javaw.exe (not found)
64-bit search:	SOFTWARE\JavaSoft\Java Runtime Environment...
Check:		SOFTWARE\JavaSoft\Java Runtime Environment\1.8
Ignore:		1.8
Check:		SOFTWARE\JavaSoft\Java Runtime Environment\1.8.0_411
Check launcher:	C:\Program Files\Java\jre-1.8\bin\javaw.exe (OK)
Match:		1.8.0_411
64-bit search:	SOFTWARE\JavaSoft\Java Development Kit...
Runtime used:	1.8.0_411 (64-bit)
Launcher:	C:\Program Files\Java\jre-1.8\bin\javaw.exe
Launcher args:	-jar "C:\Users\aloisio.gajesus\IdeaProjects\aih\out\artifacts\AIH_jar\AIH.exe"
Args length:	78/32768 chars
Exit code:	0


Version:	3.9
CmdLine:	C:\Users\aloisio.gajesus\IdeaProjects\aih\out\artifacts\AIH_jar\AIH.exe --l4j-debug
WOW64:		yes
Working dir:	C:\Users\aloisio.gajesus\IdeaProjects\aih\out\artifacts\AIH_jar\.
Bundled JRE:	java-runtime
Check launcher:	C:\Users\aloisio.gajesus\IdeaProjects\aih\out\artifacts\AIH_jar\java-runtime\bin\javaw.exe (not found)
64-bit search:	SOFTWARE\JavaSoft\Java Development Kit...
64-bit search:	SOFTWARE\IBM\Java Development Kit...
Error msg:	This application requires a Java Runtime Environment 1.8.0_411 (64-bit)
Open URL:	http://java.com/download


Version:	3.9
CmdLine:	C:\Users\aloisio.gajesus\IdeaProjects\aih\out\artifacts\AIH_jar\AIH.exe --l4j-debug
WOW64:		yes
Working dir:	C:\Users\aloisio.gajesus\IdeaProjects\aih\out\artifacts\AIH_jar\.
Bundled JRE:	java-runtime
Check launcher:	C:\Users\aloisio.gajesus\IdeaProjects\aih\out\artifacts\AIH_jar\java-runtime\bin\javaw.exe (not found)
64-bit search:	SOFTWARE\JavaSoft\Java Development Kit...
64-bit search:	SOFTWARE\IBM\Java Development Kit...
Error msg:	This application requires a Java Runtime Environment 1.8.0_411 (64-bit)
Open URL:	http://java.com/download


Version:	3.9
CmdLine:	C:\Users\aloisio.gajesus\IdeaProjects\aih\out\artifacts\AIH_jar\AIH.exe --l4j-debug
WOW64:		yes
Working dir:	C:\Users\aloisio.gajesus\IdeaProjects\aih\out\artifacts\AIH_jar\.
64-bit search:	SOFTWARE\JavaSoft\Java Runtime Environment...
Check:		SOFTWARE\JavaSoft\Java Runtime Environment\1.8
Ignore:		1.8
Check:		SOFTWARE\JavaSoft\Java Runtime Environment\1.8.0_411
Check launcher:	C:\Program Files\Java\jre-1.8\bin\javaw.exe (OK)
Match:		1.8.0_411
64-bit search:	SOFTWARE\JavaSoft\Java Development Kit...
Runtime used:	1.8.0_411 (64-bit)
Launcher:	C:\Program Files\Java\jre-1.8\bin\javaw.exe
Launcher args:	-jar "C:\Users\aloisio.gajesus\IdeaProjects\aih\out\artifacts\AIH_jar\AIH.exe"
Args length:	78/32768 chars
Exit code:	0


Version:	3.9
CmdLine:	C:\Users\aloisio.gajesus\IdeaProjects\aih\out\artifacts\AIH_jar\AIH.exe --l4j-debug
WOW64:		yes
Working dir:	C:\Users\aloisio.gajesus\IdeaProjects\aih\out\artifacts\AIH_jar\.
Bundled JRE:	C:\Program Files\Java\jre-1.8
Check launcher:	C:\Program Files\Java\jre-1.8\bin\javaw.exe (OK)
Launcher:	C:\Program Files\Java\jre-1.8\bin\javaw.exe
Launcher args:	-jar "C:\Users\aloisio.gajesus\IdeaProjects\aih\out\artifacts\AIH_jar\AIH.exe"
Args length:	78/32768 chars
Exit code:	0


Version:	3.9
CmdLine:	C:\Users\aloisio.gajesus\IdeaProjects\aih\out\artifacts\AIH_jar\AIH.exe --l4j-debug
WOW64:		yes
Working dir:	C:\Users\aloisio.gajesus\IdeaProjects\aih\out\artifacts\AIH_jar\.
Bundled JRE:	C:\Program Files\Java\
Check launcher:	C:\Program Files\Java\bin\javaw.exe (not found)
64-bit search:	SOFTWARE\JavaSoft\Java Development Kit...
64-bit search:	SOFTWARE\IBM\Java Development Kit...
Error msg:	This application requires a Java Runtime Environment 1.8.0_411 (64-bit)
Open URL:	http://java.com/download


Version:	3.9
CmdLine:	C:\Users\aloisio.gajesus\IdeaProjects\aih\out\artifacts\AIH_jar\AIH.exe --l4j-debug
WOW64:		yes
Working dir:	C:\Users\aloisio.gajesus\IdeaProjects\aih\out\artifacts\AIH_jar\.
Bundled JRE:	C:\Program Files\Java\jre-1.8\bin
Check launcher:	C:\Program Files\Java\jre-1.8\bin\bin\javaw.exe (not found)
64-bit search:	SOFTWARE\JavaSoft\Java Development Kit...
64-bit search:	SOFTWARE\IBM\Java Development Kit...
Error msg:	This application requires a Java Runtime Environment 1.8.0_411 (64-bit)
Open URL:	http://java.com/download


Version:	3.9
CmdLine:	C:\Users\aloisio.gajesus\IdeaProjects\aih\out\artifacts\AIH_jar\AIH.exe --l4j-debug
WOW64:		yes
Working dir:	C:\Users\aloisio.gajesus\IdeaProjects\aih\out\artifacts\AIH_jar\.
Bundled JRE:	C:\Program Files\Java\jre-1.8\bin
Check launcher:	C:\Program Files\Java\jre-1.8\bin\bin\javaw.exe (not found)
64-bit search:	SOFTWARE\JavaSoft\Java Development Kit...
64-bit search:	SOFTWARE\IBM\Java Development Kit...
Error msg:	This application requires a Java Runtime Environment 1.8.0_411 (64-bit)
Open URL:	http://java.com/download


Version:	3.9
CmdLine:	C:\Users\aloisio.gajesus\IdeaProjects\aih\out\artifacts\AIH_jar\AIH.exe --l4j-debug
WOW64:		yes
Working dir:	C:\Users\aloisio.gajesus\IdeaProjects\aih\out\artifacts\AIH_jar\.
Bundled JRE:	C:\Program Files\Java\jre-1.8\bin
Check launcher:	C:\Program Files\Java\jre-1.8\bin\bin\javaw.exe (not found)
64-bit search:	SOFTWARE\JavaSoft\Java Development Kit...
64-bit search:	SOFTWARE\JavaSoft\Java Runtime Environment...
Check:		SOFTWARE\JavaSoft\Java Runtime Environment\1.8
Ignore:		1.8
Check:		SOFTWARE\JavaSoft\Java Runtime Environment\1.8.0_411
Check launcher:	C:\Program Files\Java\jre-1.8\bin\javaw.exe (OK)
Match:		1.8.0_411
Runtime used:	1.8.0_411 (64-bit)
Launcher:	C:\Program Files\Java\jre-1.8\bin\javaw.exe
Launcher args:	-jar "C:\Users\aloisio.gajesus\IdeaProjects\aih\out\artifacts\AIH_jar\AIH.exe"
Args length:	78/32768 chars
Exit code:	0


Version:	3.9
CmdLine:	C:\Users\aloisio.gajesus\IdeaProjects\aih\out\artifacts\AIH_jar\AIH.exe --l4j-debug
WOW64:		yes
Working dir:	C:\Users\aloisio.gajesus\IdeaProjects\aih\out\artifacts\AIH_jar\.
Bundled JRE:	C:\Program Files\Java\jre-1.8\bin
Check launcher:	C:\Program Files\Java\jre-1.8\bin\bin\javaw.exe (not found)
64-bit search:	SOFTWARE\JavaSoft\Java Development Kit...
32-bit search:	SOFTWARE\JavaSoft\Java Development Kit...
64-bit search:	SOFTWARE\JavaSoft\Java Runtime Environment...
Check:		SOFTWARE\JavaSoft\Java Runtime Environment\1.8
Ignore:		1.8
Check:		SOFTWARE\JavaSoft\Java Runtime Environment\1.8.0_411
Check launcher:	C:\Program Files\Java\jre-1.8\bin\javaw.exe (OK)
Match:		1.8.0_411
Runtime used:	1.8.0_411 (64-bit)
Launcher:	C:\Program Files\Java\jre-1.8\bin\javaw.exe
Launcher args:	-jar "C:\Users\aloisio.gajesus\IdeaProjects\aih\out\artifacts\AIH_jar\AIH.exe"
Args length:	78/32768 chars
Exit code:	0


Version:	3.9
CmdLine:	C:\Users\aloisio.gajesus\IdeaProjects\aih\out\artifacts\AIH_jar\AIH.exe --l4j-debug
WOW64:		yes
Working dir:	C:\Users\aloisio.gajesus\IdeaProjects\aih\out\artifacts\AIH_jar\.
Bundled JRE:	C:\Program Files\Java\jre-1.8\bin
Check launcher:	C:\Program Files\Java\jre-1.8\bin\bin\javaw.exe (not found)
64-bit search:	SOFTWARE\JavaSoft\Java Runtime Environment...
Check:		SOFTWARE\JavaSoft\Java Runtime Environment\1.8
Ignore:		1.8
Check:		SOFTWARE\JavaSoft\Java Runtime Environment\1.8.0_411
Check launcher:	C:\Program Files\Java\jre-1.8\bin\javaw.exe (OK)
Match:		1.8.0_411
64-bit search:	SOFTWARE\JavaSoft\Java Development Kit...
Runtime used:	1.8.0_411 (64-bit)
Launcher:	C:\Program Files\Java\jre-1.8\bin\javaw.exe
Launcher args:	-jar "C:\Users\aloisio.gajesus\IdeaProjects\aih\out\artifacts\AIH_jar\AIH.exe"
Args length:	78/32768 chars
Exit code:	0


Version:	3.9
CmdLine:	C:\Users\aloisio.gajesus\IdeaProjects\aih\out\artifacts\AIH_jar\AIH.exe --l4j-debug
WOW64:		yes
Working dir:	C:\Users\aloisio.gajesus\IdeaProjects\aih\out\artifacts\AIH_jar\.
Bundled JRE:	C:\Program Files\Java\jre-1.8\bin
Check launcher:	C:\Program Files\Java\jre-1.8\bin\bin\javaw.exe (not found)
64-bit search:	SOFTWARE\JavaSoft\Java Runtime Environment...
Check:		SOFTWARE\JavaSoft\Java Runtime Environment\1.8
Ignore:		1.8
Check:		SOFTWARE\JavaSoft\Java Runtime Environment\1.8.0_411
Check launcher:	C:\Program Files\Java\jre-1.8\bin\javaw.exe (OK)
Match:		1.8.0_411
Runtime used:	1.8.0_411 (64-bit)
Launcher:	C:\Program Files\Java\jre-1.8\bin\javaw.exe
Launcher args:	-jar "C:\Users\aloisio.gajesus\IdeaProjects\aih\out\artifacts\AIH_jar\AIH.exe"
Args length:	78/32768 chars
Exit code:	0


Version:	3.9
CmdLine:	C:\Users\aloisio.gajesus\IdeaProjects\aih\out\artifacts\AIH_jar\AIH.exe --l4j-debug
WOW64:		yes
Working dir:	C:\Users\aloisio.gajesus\IdeaProjects\aih\out\artifacts\AIH_jar\.
64-bit search:	SOFTWARE\JavaSoft\Java Runtime Environment...
Check:		SOFTWARE\JavaSoft\Java Runtime Environment\1.8
Ignore:		1.8
Check:		SOFTWARE\JavaSoft\Java Runtime Environment\1.8.0_411
Check launcher:	C:\Program Files\Java\jre-1.8\bin\javaw.exe (OK)
Match:		1.8.0_411
64-bit search:	SOFTWARE\JavaSoft\Java Development Kit...
Runtime used:	1.8.0_411 (64-bit)
Launcher:	C:\Program Files\Java\jre-1.8\bin\javaw.exe
Launcher args:	-jar "C:\Users\aloisio.gajesus\IdeaProjects\aih\out\artifacts\AIH_jar\AIH.exe"
Args length:	78/32768 chars
Exit code:	0


Version:	3.9
CmdLine:	C:\Users\aloisio.gajesus\IdeaProjects\aih\out\artifacts\AIH_jar\AIH.exe --l4j-debug
WOW64:		yes
Working dir:	C:\Users\aloisio.gajesus\IdeaProjects\aih\out\artifacts\AIH_jar\.
64-bit search:	SOFTWARE\JavaSoft\Java Development Kit...
64-bit search:	SOFTWARE\IBM\Java Development Kit...
Bundled JRE:	C:\Program Files\Java\jre-1.8
Check launcher:	C:\Program Files\Java\jre-1.8\bin\javaw.exe (OK)
Launcher:	C:\Program Files\Java\jre-1.8\bin\javaw.exe
Launcher args:	-jar "C:\Users\aloisio.gajesus\IdeaProjects\aih\out\artifacts\AIH_jar\AIH.exe"
Args length:	78/32768 chars
Exit code:	0


Version:	3.9
CmdLine:	C:\Users\aloisio.gajesus\IdeaProjects\aih\out\artifacts\AIH_jar\AIH.exe --l4j-debug
WOW64:		yes
Working dir:	C:\Users\aloisio.gajesus\IdeaProjects\aih\out\artifacts\AIH_jar\.
Bundled JRE:	C:\Program Files\Java\jre-1.8
Check launcher:	C:\Program Files\Java\jre-1.8\bin\javaw.exe (OK)
Launcher:	C:\Program Files\Java\jre-1.8\bin\javaw.exe
Launcher args:	-jar "C:\Users\aloisio.gajesus\IdeaProjects\aih\out\artifacts\AIH_jar\AIH.exe"
Args length:	78/32768 chars
Exit code:	0


Version:	3.9
CmdLine:	C:\Users\aloisio.gajesus\IdeaProjects\aih\out\artifacts\AIH_jar\AIH.exe --l4j-debug
WOW64:		yes
Working dir:	C:\Users\aloisio.gajesus\IdeaProjects\aih\out\artifacts\AIH_jar\.
Bundled JRE:	C:\Program Files\Java\jre-1.8\
Check launcher:	C:\Program Files\Java\jre-1.8\bin\javaw.exe (OK)
Launcher:	C:\Program Files\Java\jre-1.8\bin\javaw.exe
Launcher args:	-jar "C:\Users\aloisio.gajesus\IdeaProjects\aih\out\artifacts\AIH_jar\AIH.exe"
Args length:	78/32768 chars
Exit code:	0
